Running ant (compile.tests)................................................ FAIL
Executed command:  cd /tmp/Math-106-2 && /defects4j/major/bin/ant -f /defects4j/framework/projects/defects4j.build.xml -Dd4j.home=/defects4j -Dd4j.dir.projects=/defects4j/framework/projects -Dbasedir=/tmp/Math-106-2 -Dbuild.compiler=javac1.7  compile.tests 2>&1
OpenJDK 64-Bit Server VM warning: ignoring option MaxPermSize=1G; support was removed in 8.0
Buildfile: /defects4j/framework/projects/defects4j.build.xml

init:

junit-present:

setProxy:

noProxy:
     [echo] Proxy not used.

get-custom-dep-commons-logging.jar:

get-dep-commons-logging.jar:
      [get] Getting: http://www.ibiblio.org/maven/commons-logging/jars/commons-logging-1.0.3.jar
      [get] To: /root/.maven/repository/commons-logging/jars/commons-logging-1.0.3.jar
      [get] Error opening connection java.io.FileNotFoundException: http://www.ibiblio.org/maven/commons-logging/jars/commons-logging-1.0.3.jar
      [get] Error opening connection java.io.FileNotFoundException: http://www.ibiblio.org/maven/commons-logging/jars/commons-logging-1.0.3.jar
      [get] Error opening connection java.io.FileNotFoundException: http://www.ibiblio.org/maven/commons-logging/jars/commons-logging-1.0.3.jar
      [get] Can't get http://www.ibiblio.org/maven/commons-logging/jars/commons-logging-1.0.3.jar to /root/.maven/repository/commons-logging/jars/commons-logging-1.0.3.jar

get-custom-dep-commons-discovery.jar:

get-dep-commons-discovery.jar:
      [get] Getting: http://www.ibiblio.org/maven/commons-discovery/jars/commons-discovery-0.2.jar
      [get] To: /root/.maven/repository/commons-discovery/jars/commons-discovery-0.2.jar
      [get] Error opening connection java.io.FileNotFoundException: http://www.ibiblio.org/maven/commons-discovery/jars/commons-discovery-0.2.jar
      [get] Error opening connection java.io.FileNotFoundException: http://www.ibiblio.org/maven/commons-discovery/jars/commons-discovery-0.2.jar
      [get] Error opening connection java.io.FileNotFoundException: http://www.ibiblio.org/maven/commons-discovery/jars/commons-discovery-0.2.jar
      [get] Can't get http://www.ibiblio.org/maven/commons-discovery/jars/commons-discovery-0.2.jar to /root/.maven/repository/commons-discovery/jars/commons-discovery-0.2.jar

get-deps:

compile:
    [javac] /tmp/Math-106-2/build.xml:72: warning: 'includeantruntime' was not set, defaulting to build.sysclasspath=last; set to false for repeatable builds
    [javac] Warning: org/apache/commons/math/fraction/ProperFractionFormat.java modified in the future.
    [javac] Compiling 1 source file to /tmp/Math-106-2/target/classes
    [javac] warning: /usr/lib/jvm/java-8-openjdk-amd64/lib/ct.sym(META-INF/sym/rt.jar/java/text/FieldPosition.class): major version 52 is newer than 51, the highest major version supported by this compiler.
    [javac]   It is recommended that the compiler be upgraded.
    [javac] warning: /usr/lib/jvm/java-8-openjdk-amd64/lib/ct.sym(META-INF/sym/rt.jar/java/text/NumberFormat.class): major version 52 is newer than 51, the highest major version supported by this compiler.
    [javac]   It is recommended that the compiler be upgraded.
    [javac] warning: /usr/lib/jvm/java-8-openjdk-amd64/lib/ct.sym(META-INF/sym/rt.jar/java/text/ParsePosition.class): major version 52 is newer than 51, the highest major version supported by this compiler.
    [javac]   It is recommended that the compiler be upgraded.
    [javac] warning: /usr/lib/jvm/java-8-openjdk-amd64/lib/ct.sym(META-INF/sym/rt.jar/java/io/Serializable.class): major version 52 is newer than 51, the highest major version supported by this compiler.
    [javac]   It is recommended that the compiler be upgraded.
    [javac] warning: /usr/lib/jvm/java-8-openjdk-amd64/lib/ct.sym(META-INF/sym/rt.jar/java/lang/Object.class): major version 52 is newer than 51, the highest major version supported by this compiler.
    [javac]   It is recommended that the compiler be upgraded.
    [javac] warning: /usr/lib/jvm/java-8-openjdk-amd64/lib/ct.sym(META-INF/sym/rt.jar/java/text/Format.class): major version 52 is newer than 51, the highest major version supported by this compiler.
    [javac]   It is recommended that the compiler be upgraded.
    [javac] warning: /usr/lib/jvm/java-8-openjdk-amd64/lib/ct.sym(META-INF/sym/rt.jar/java/lang/Cloneable.class): major version 52 is newer than 51, the highest major version supported by this compiler.
    [javac]   It is recommended that the compiler be upgraded.
    [javac] warning: /usr/lib/jvm/java-8-openjdk-amd64/lib/ct.sym(META-INF/sym/rt.jar/java/lang/StringBuffer.class): major version 52 is newer than 51, the highest major version supported by this compiler.
    [javac]   It is recommended that the compiler be upgraded.
    [javac] warning: /usr/lib/jvm/java-8-openjdk-amd64/lib/ct.sym(META-INF/sym/rt.jar/java/lang/String.class): major version 52 is newer than 51, the highest major version supported by this compiler.
    [javac]   It is recommended that the compiler be upgraded.
    [javac] /usr/lib/jvm/java-8-openjdk-amd64/lib/ct.sym(META-INF/sym/rt.jar/java/text/FieldPosition.class): warning: Cannot find annotation method 'value()' in type 'Profile+Annotation': class file for jdk.Profile+Annotation not found
    [javac] /usr/lib/jvm/java-8-openjdk-amd64/lib/ct.sym(META-INF/sym/rt.jar/java/text/NumberFormat.class): warning: Cannot find annotation method 'value()' in type 'Profile+Annotation'
    [javac] /usr/lib/jvm/java-8-openjdk-amd64/lib/ct.sym(META-INF/sym/rt.jar/java/text/ParsePosition.class): warning: Cannot find annotation method 'value()' in type 'Profile+Annotation'
    [javac] /usr/lib/jvm/java-8-openjdk-amd64/lib/ct.sym(META-INF/sym/rt.jar/java/io/Serializable.class): warning: Cannot find annotation method 'value()' in type 'Profile+Annotation'
    [javac] /usr/lib/jvm/java-8-openjdk-amd64/lib/ct.sym(META-INF/sym/rt.jar/java/lang/Object.class): warning: Cannot find annotation method 'value()' in type 'Profile+Annotation'
    [javac] /usr/lib/jvm/java-8-openjdk-amd64/lib/ct.sym(META-INF/sym/rt.jar/java/text/Format.class): warning: Cannot find annotation method 'value()' in type 'Profile+Annotation'
    [javac] /usr/lib/jvm/java-8-openjdk-amd64/lib/ct.sym(META-INF/sym/rt.jar/java/lang/Cloneable.class): warning: Cannot find annotation method 'value()' in type 'Profile+Annotation'
    [javac] /usr/lib/jvm/java-8-openjdk-amd64/lib/ct.sym(META-INF/sym/rt.jar/java/lang/StringBuffer.class): warning: Cannot find annotation method 'value()' in type 'Profile+Annotation'
    [javac] /usr/lib/jvm/java-8-openjdk-amd64/lib/ct.sym(META-INF/sym/rt.jar/java/lang/String.class): warning: Cannot find annotation method 'value()' in type 'Profile+Annotation'
    [javac] warning: /usr/lib/jvm/java-8-openjdk-amd64/lib/ct.sym(META-INF/sym/rt.jar/java/lang/AutoCloseable.class): major version 52 is newer than 51, the highest major version supported by this compiler.
    [javac]   It is recommended that the compiler be upgraded.
    [javac] /usr/lib/jvm/java-8-openjdk-amd64/lib/ct.sym(META-INF/sym/rt.jar/java/lang/AutoCloseable.class): warning: Cannot find annotation method 'value()' in type 'Profile+Annotation'
    [javac] warning: /usr/lib/jvm/java-8-openjdk-amd64/lib/ct.sym(META-INF/sym/rt.jar/java/lang/Number.class): major version 52 is newer than 51, the highest major version supported by this compiler.
    [javac]   It is recommended that the compiler be upgraded.
    [javac] /usr/lib/jvm/java-8-openjdk-amd64/lib/ct.sym(META-INF/sym/rt.jar/java/lang/Number.class): warning: Cannot find annotation method 'value()' in type 'Profile+Annotation'
    [javac] warning: /usr/lib/jvm/java-8-openjdk-amd64/lib/ct.sym(META-INF/sym/rt.jar/java/lang/AbstractStringBuilder.class): major version 52 is newer than 51, the highest major version supported by this compiler.
    [javac]   It is recommended that the compiler be upgraded.
    [javac] /usr/lib/jvm/java-8-openjdk-amd64/lib/ct.sym(META-INF/sym/rt.jar/java/lang/AbstractStringBuilder.class): warning: Cannot find annotation method 'value()' in type 'Profile+Annotation'
    [javac] warning: /usr/lib/jvm/java-8-openjdk-amd64/lib/ct.sym(META-INF/sym/rt.jar/java/lang/CharSequence.class): major version 52 is newer than 51, the highest major version supported by this compiler.
    [javac]   It is recommended that the compiler be upgraded.
    [javac] /usr/lib/jvm/java-8-openjdk-amd64/lib/ct.sym(META-INF/sym/rt.jar/java/lang/CharSequence.class): warning: Cannot find annotation method 'value()' in type 'Profile+Annotation'
    [javac] warning: /usr/lib/jvm/java-8-openjdk-amd64/lib/ct.sym(META-INF/sym/rt.jar/java/lang/Math.class): major version 52 is newer than 51, the highest major version supported by this compiler.
    [javac]   It is recommended that the compiler be upgraded.
    [javac] /usr/lib/jvm/java-8-openjdk-amd64/lib/ct.sym(META-INF/sym/rt.jar/java/lang/Math.class): warning: Cannot find annotation method 'value()' in type 'Profile+Annotation'
    [javac] warning: /usr/lib/jvm/java-8-openjdk-amd64/lib/ct.sym(META-INF/sym/rt.jar/java/lang/Comparable.class): major version 52 is newer than 51, the highest major version supported by this compiler.
    [javac]   It is recommended that the compiler be upgraded.
    [javac] /usr/lib/jvm/java-8-openjdk-amd64/lib/ct.sym(META-INF/sym/rt.jar/java/lang/Comparable.class): warning: Cannot find annotation method 'value()' in type 'Profile+Annotation'
    [javac] /tmp/Math-106-2/src/java/org/apache/commons/math/fraction/ProperFractionFormat.java:157: error: cannot find symbol
    [javac] int startIndex = pos. getIndex(); char c = parseNext ( ) ;if (num == null) {
    [javac]                                            ^
    [javac]   symbol:   method parseNext()
    [javac]   location: class ProperFractionFormat
    [javac] /tmp/Math-106-2/src/java/org/apache/commons/math/fraction/ProperFractionFormat.java:168: error: variable startIndex is already defined in method parse(String,ParsePosition)
    [javac]         int startIndex = pos.getIndex();
    [javac]             ^
    [javac] /tmp/Math-106-2/src/java/org/apache/commons/math/fraction/ProperFractionFormat.java:169: error: variable c is already defined in method parse(String,ParsePosition)
    [javac]         char c = parseNextCharacter(source, pos);
    [javac]              ^
    [javac] warning: /usr/lib/jvm/java-8-openjdk-amd64/lib/ct.sym(META-INF/sym/rt.jar/java/lang/IllegalArgumentException.class): major version 52 is newer than 51, the highest major version supported by this compiler.
    [javac]   It is recommended that the compiler be upgraded.
    [javac] /usr/lib/jvm/java-8-openjdk-amd64/lib/ct.sym(META-INF/sym/rt.jar/java/lang/IllegalArgumentException.class): warning: Cannot find annotation method 'value()' in type 'Profile+Annotation'
    [javac] warning: /usr/lib/jvm/java-8-openjdk-amd64/lib/ct.sym(META-INF/sym/rt.jar/java/lang/Throwable.class): major version 52 is newer than 51, the highest major version supported by this compiler.
    [javac]   It is recommended that the compiler be upgraded.
    [javac] /usr/lib/jvm/java-8-openjdk-amd64/lib/ct.sym(META-INF/sym/rt.jar/java/lang/Throwable.class): warning: Cannot find annotation method 'value()' in type 'Profile+Annotation'
    [javac] warning: /usr/lib/jvm/java-8-openjdk-amd64/lib/ct.sym(META-INF/sym/rt.jar/java/lang/RuntimeException.class): major version 52 is newer than 51, the highest major version supported by this compiler.
    [javac]   It is recommended that the compiler be upgraded.
    [javac] /usr/lib/jvm/java-8-openjdk-amd64/lib/ct.sym(META-INF/sym/rt.jar/java/lang/RuntimeException.class): warning: Cannot find annotation method 'value()' in type 'Profile+Annotation'
    [javac] warning: /usr/lib/jvm/java-8-openjdk-amd64/lib/ct.sym(META-INF/sym/rt.jar/java/lang/Exception.class): major version 52 is newer than 51, the highest major version supported by this compiler.
    [javac]   It is recommended that the compiler be upgraded.
    [javac] /usr/lib/jvm/java-8-openjdk-amd64/lib/ct.sym(META-INF/sym/rt.jar/java/lang/Exception.class): warning: Cannot find annotation method 'value()' in type 'Profile+Annotation'
    [javac] 3 errors
    [javac] 38 warnings

BUILD FAILED
/tmp/Math-106-2/build.xml:72: Compile failed; see the compiler error output for details.

Total time: 1 second
Cannot compile test suite! at /defects4j/framework/bin/d4j/d4j-test line 134.
Compilation failed in require at /defects4j/framework/bin/defects4j line 195.
